<?xml version="1.0" encoding="UTF-8"?>
<testsuite name="com.parksil.book.springboot.web.HelloControllerTest" tests="2" skipped="0" failures="0" errors="0" timestamp="2020-10-27T12:48:24" hostname="DESKTOP-J45GSJ7" time="0.295">
  <properties/>
  <testcase name="hello가_리턴된다" classname="com.parksil.book.springboot.web.HelloControllerTest" time="0.135"/>
  <testcase name="helloDto가_리턴된다" classname="com.parksil.book.springboot.web.HelloControllerTest" time="0.159"/>
  <system-out><![CDATA[2020-10-27 21:48:21.896  INFO 46216 --- [    Test worker] .b.t.a.w.s.WebMvcTestContextBootstrapper : Neither @ContextConfiguration nor @ContextHierarchy found for test class [com.parksil.book.springboot.web.HelloControllerTest], using SpringBootContextLoader
2020-10-27 21:48:21.900  INFO 46216 --- [    Test worker] o.s.t.c.support.AbstractContextLoader    : Could not detect default resource locations for test class [com.parksil.book.springboot.web.HelloControllerTest]: no resource found for suffixes {-context.xml, Context.groovy}.
2020-10-27 21:48:21.902  INFO 46216 --- [    Test worker] t.c.s.AnnotationConfigContextLoaderUtils : Could not detect default configuration classes for test class [com.parksil.book.springboot.web.HelloControllerTest]: HelloControllerTest does not declare any static, non-private, non-final, nested classes annotated with @Configuration.
2020-10-27 21:48:21.947  INFO 46216 --- [    Test worker] .b.t.c.SpringBootTestContextBootstrapper : Found @SpringBootConfiguration com.parksil.book.springboot.Application for test class com.parksil.book.springboot.web.HelloControllerTest
2020-10-27 21:48:21.950  INFO 46216 --- [    Test worker] .b.t.a.w.s.WebMvcTestContextBootstrapper : Loaded default TestExecutionListener class names from location [META-INF/spring.factories]: [org.springframework.security.test.context.support.WithSecurityContextTestExecutionListener, org.springframework.security.test.context.support.ReactorContextTestExecutionListener, org.springframework.boot.test.autoconfigure.restdocs.RestDocsTestExecutionListener, org.springframework.boot.test.autoconfigure.web.client.MockRestServiceServerResetTestExecutionListener, org.springframework.boot.test.autoconfigure.web.servlet.MockMvcPrintOnlyOnFailureTestExecutionListener, org.springframework.boot.test.autoconfigure.web.servlet.WebDriverTestExecutionListener, org.springframework.boot.test.mock.mockito.MockitoTestExecutionListener, org.springframework.boot.test.mock.mockito.ResetMocksTestExecutionListener, org.springframework.test.context.web.ServletTestExecutionListener, org.springframework.test.context.support.DirtiesContextBeforeModesTestExecutionListener, org.springframework.test.context.support.DependencyInjectionTestExecutionListener, org.springframework.test.context.support.DirtiesContextTestExecutionListener, org.springframework.test.context.transaction.TransactionalTestExecutionListener, org.springframework.test.context.jdbc.SqlScriptsTestExecutionListener]
2020-10-27 21:48:21.953  INFO 46216 --- [    Test worker] .b.t.a.w.s.WebMvcTestContextBootstrapper : Using TestExecutionListeners: [org.springframework.test.context.web.ServletTestExecutionListener@57e797d8, org.springframework.test.context.support.DirtiesContextBeforeModesTestExecutionListener@ceb79f7, org.springframework.boot.test.mock.mockito.MockitoTestExecutionListener@3d54761b, org.springframework.boot.test.autoconfigure.SpringBootDependencyInjectionTestExecutionListener@6864798, org.springframework.test.context.support.DirtiesContextTestExecutionListener@6db459c7, org.springframework.test.context.transaction.TransactionalTestExecutionListener@3a47a147, org.springframework.test.context.jdbc.SqlScriptsTestExecutionListener@24bdecba, org.springframework.security.test.context.support.WithSecurityContextTestExecutionListener@10b3d532, org.springframework.security.test.context.support.ReactorContextTestExecutionListener@5f86dc82, org.springframework.boot.test.autoconfigure.restdocs.RestDocsTestExecutionListener@58cc13ac, org.springframework.boot.test.autoconfigure.web.client.MockRestServiceServerResetTestExecutionListener@13dfec33, org.springframework.boot.test.autoconfigure.web.servlet.MockMvcPrintOnlyOnFailureTestExecutionListener@1dcbb13f, org.springframework.boot.test.autoconfigure.web.servlet.WebDriverTestExecutionListener@74401cc8, org.springframework.boot.test.mock.mockito.ResetMocksTestExecutionListener@4ca9209f]

  .   ____          _            __ _ _
 /\\ / ___'_ __ _ _(_)_ __  __ _ \ \ \ \
( ( )\___ | '_ | '_| | '_ \/ _` | \ \ \ \
 \\/  ___)| |_)| | | | | || (_| |  ) ) ) )
  '  |____| .__|_| |_|_| |_\__, | / / / /
 =========|_|==============|___/=/_/_/_/
 :: Spring Boot ::        (v2.1.7.RELEASE)

2020-10-27 21:48:22.043  INFO 46216 --- [    Test worker] c.p.b.s.web.HelloControllerTest          : Starting HelloControllerTest on DESKTOP-J45GSJ7 with PID 46216 (started by pc in C:\SpringBootEx)
2020-10-27 21:48:22.045  INFO 46216 --- [    Test worker] c.p.b.s.web.HelloControllerTest          : No active profile set, falling back to default profiles: default
2020-10-27 21:48:23.234  INFO 46216 --- [    Test worker] o.s.s.concurrent.ThreadPoolTaskExecutor  : Initializing ExecutorService 'applicationTaskExecutor'
2020-10-27 21:48:23.312  INFO 46216 --- [    Test worker] o.s.b.a.w.s.WelcomePageHandlerMapping    : Adding welcome page template: index
2020-10-27 21:48:23.796  INFO 46216 --- [    Test worker] .s.s.UserDetailsServiceAutoConfiguration : 

Using generated security password: 68520ff4-4543-48ff-b5c6-c10d9f499884

2020-10-27 21:48:24.056  INFO 46216 --- [    Test worker] o.s.s.web.DefaultSecurityFilterChain     : Creating filter chain: any request, [org.springframework.security.web.context.request.async.WebAsyncManagerIntegrationFilter@30c90b4e, org.springframework.security.web.context.SecurityContextPersistenceFilter@3f7407f7, org.springframework.security.web.header.HeaderWriterFilter@2e8db7c3, org.springframework.security.web.csrf.CsrfFilter@13fef77d, org.springframework.security.web.authentication.logout.LogoutFilter@68eada5b, org.springframework.security.web.authentication.UsernamePasswordAuthenticationFilter@11212f3, org.springframework.security.web.authentication.ui.DefaultLoginPageGeneratingFilter@30b40f0f, org.springframework.security.web.authentication.ui.DefaultLogoutPageGeneratingFilter@20234f11, org.springframework.security.web.authentication.www.BasicAuthenticationFilter@6b2958d0, org.springframework.security.web.savedrequest.RequestCacheAwareFilter@5e069c15, org.springframework.security.web.servletapi.SecurityContextHolderAwareRequestFilter@1d760bb9, org.springframework.security.web.authentication.AnonymousAuthenticationFilter@16d7c1d, org.springframework.security.web.session.SessionManagementFilter@4a2ce870, org.springframework.security.web.access.ExceptionTranslationFilter@3dab8713, org.springframework.security.web.access.intercept.FilterSecurityInterceptor@4a8ed000]
2020-10-27 21:48:24.115  INFO 46216 --- [    Test worker] o.s.b.t.m.w.SpringBootMockServletContext : Initializing Spring TestDispatcherServlet ''
2020-10-27 21:48:24.116  INFO 46216 --- [    Test worker] o.s.t.web.servlet.TestDispatcherServlet  : Initializing Servlet ''
2020-10-27 21:48:24.141  INFO 46216 --- [    Test worker] o.s.t.web.servlet.TestDispatcherServlet  : Completed initialization in 25 ms
2020-10-27 21:48:24.208  INFO 46216 --- [    Test worker] c.p.b.s.web.HelloControllerTest          : Started HelloControllerTest in 2.246 seconds (JVM running for 15.109)
]]></system-out>
  <system-err><![CDATA[]]></system-err>
</testsuite>
