<?xml version="1.0" encoding="UTF-8"?>
<testsuite name="com.parksil.book.springboot.web.HelloControllerTest" tests="2" skipped="0" failures="0" errors="0" timestamp="2020-10-19T00:22:38" hostname="DESKTOP-J45GSJ7" time="0.522">
  <properties/>
  <testcase name="hello가_리턴된다" classname="com.parksil.book.springboot.web.HelloControllerTest" time="0.401"/>
  <testcase name="helloDto가_리턴된다" classname="com.parksil.book.springboot.web.HelloControllerTest" time="0.12"/>
  <system-out><![CDATA[09:22:33.921 [Test worker] DEBUG org.springframework.test.context.junit4.SpringJUnit4ClassRunner - SpringJUnit4ClassRunner constructor called with [class com.parksil.book.springboot.web.HelloControllerTest]
09:22:33.933 [Test worker] DEBUG org.springframework.test.context.BootstrapUtils - Instantiating CacheAwareContextLoaderDelegate from class [org.springframework.test.context.cache.DefaultCacheAwareContextLoaderDelegate]
09:22:33.955 [Test worker] DEBUG org.springframework.test.context.BootstrapUtils - Instantiating BootstrapContext using constructor [public org.springframework.test.context.support.DefaultBootstrapContext(java.lang.Class,org.springframework.test.context.CacheAwareContextLoaderDelegate)]
09:22:33.997 [Test worker] DEBUG org.springframework.test.context.BootstrapUtils - Instantiating TestContextBootstrapper for test class [com.parksil.book.springboot.web.HelloControllerTest] from class [org.springframework.boot.test.autoconfigure.web.servlet.WebMvcTestContextBootstrapper]
09:22:34.041 [Test worker] INFO org.springframework.boot.test.autoconfigure.web.servlet.WebMvcTestContextBootstrapper - Neither @ContextConfiguration nor @ContextHierarchy found for test class [com.parksil.book.springboot.web.HelloControllerTest], using SpringBootContextLoader
09:22:34.047 [Test worker] DEBUG org.springframework.test.context.support.AbstractContextLoader - Did not detect default resource location for test class [com.parksil.book.springboot.web.HelloControllerTest]: class path resource [com/parksil/book/springboot/web/HelloControllerTest-context.xml] does not exist
09:22:34.048 [Test worker] DEBUG org.springframework.test.context.support.AbstractContextLoader - Did not detect default resource location for test class [com.parksil.book.springboot.web.HelloControllerTest]: class path resource [com/parksil/book/springboot/web/HelloControllerTestContext.groovy] does not exist
09:22:34.049 [Test worker] INFO org.springframework.test.context.support.AbstractContextLoader - Could not detect default resource locations for test class [com.parksil.book.springboot.web.HelloControllerTest]: no resource found for suffixes {-context.xml, Context.groovy}.
09:22:34.051 [Test worker] INFO org.springframework.test.context.support.AnnotationConfigContextLoaderUtils - Could not detect default configuration classes for test class [com.parksil.book.springboot.web.HelloControllerTest]: HelloControllerTest does not declare any static, non-private, non-final, nested classes annotated with @Configuration.
09:22:34.165 [Test worker] DEBUG org.springframework.test.context.support.ActiveProfilesUtils - Could not find an 'annotation declaring class' for annotation type [org.springframework.test.context.ActiveProfiles] and class [com.parksil.book.springboot.web.HelloControllerTest]
09:22:34.264 [Test worker] DEBUG org.springframework.context.annotation.ClassPathScanningCandidateComponentProvider - Identified candidate component class: file [C:\SpringBootEx\build\classes\java\main\com\parksil\book\springboot\Application.class]
09:22:34.265 [Test worker] INFO org.springframework.boot.test.context.SpringBootTestContextBootstrapper - Found @SpringBootConfiguration com.parksil.book.springboot.Application for test class com.parksil.book.springboot.web.HelloControllerTest
09:22:34.268 [Test worker] DEBUG org.springframework.boot.test.autoconfigure.web.servlet.WebMvcTestContextBootstrapper - @TestExecutionListeners is not present for class [com.parksil.book.springboot.web.HelloControllerTest]: using defaults.
09:22:34.268 [Test worker] INFO org.springframework.boot.test.autoconfigure.web.servlet.WebMvcTestContextBootstrapper - Loaded default TestExecutionListener class names from location [META-INF/spring.factories]: [org.springframework.security.test.context.support.WithSecurityContextTestExecutionListener, org.springframework.security.test.context.support.ReactorContextTestExecutionListener, org.springframework.boot.test.autoconfigure.restdocs.RestDocsTestExecutionListener, org.springframework.boot.test.autoconfigure.web.client.MockRestServiceServerResetTestExecutionListener, org.springframework.boot.test.autoconfigure.web.servlet.MockMvcPrintOnlyOnFailureTestExecutionListener, org.springframework.boot.test.autoconfigure.web.servlet.WebDriverTestExecutionListener, org.springframework.boot.test.mock.mockito.MockitoTestExecutionListener, org.springframework.boot.test.mock.mockito.ResetMocksTestExecutionListener, org.springframework.test.context.web.ServletTestExecutionListener, org.springframework.test.context.support.DirtiesContextBeforeModesTestExecutionListener, org.springframework.test.context.support.DependencyInjectionTestExecutionListener, org.springframework.test.context.support.DirtiesContextTestExecutionListener, org.springframework.test.context.transaction.TransactionalTestExecutionListener, org.springframework.test.context.jdbc.SqlScriptsTestExecutionListener]
09:22:34.298 [Test worker] INFO org.springframework.boot.test.autoconfigure.web.servlet.WebMvcTestContextBootstrapper - Using TestExecutionListeners: [org.springframework.test.context.web.ServletTestExecutionListener@bad116b, org.springframework.test.context.support.DirtiesContextBeforeModesTestExecutionListener@35c2c86b, org.springframework.boot.test.mock.mockito.MockitoTestExecutionListener@2f471e42, org.springframework.boot.test.autoconfigure.SpringBootDependencyInjectionTestExecutionListener@3e82702, org.springframework.test.context.support.DirtiesContextTestExecutionListener@602d485d, org.springframework.test.context.transaction.TransactionalTestExecutionListener@430f45a3, org.springframework.test.context.jdbc.SqlScriptsTestExecutionListener@542df68e, org.springframework.security.test.context.support.WithSecurityContextTestExecutionListener@16bf0b3e, org.springframework.security.test.context.support.ReactorContextTestExecutionListener@1c5ad614, org.springframework.boot.test.autoconfigure.restdocs.RestDocsTestExecutionListener@2541aa61, org.springframework.boot.test.autoconfigure.web.client.MockRestServiceServerResetTestExecutionListener@1e63b1c1, org.springframework.boot.test.autoconfigure.web.servlet.MockMvcPrintOnlyOnFailureTestExecutionListener@70ebbfc8, org.springframework.boot.test.autoconfigure.web.servlet.WebDriverTestExecutionListener@3acb3db7, org.springframework.boot.test.mock.mockito.ResetMocksTestExecutionListener@12f18a2d]
09:22:34.303 [Test worker] DEBUG org.springframework.test.annotation.ProfileValueUtils - Retrieved @ProfileValueSourceConfiguration [null] for test class [com.parksil.book.springboot.web.HelloControllerTest]
09:22:34.304 [Test worker] DEBUG org.springframework.test.annotation.ProfileValueUtils - Retrieved ProfileValueSource type [class org.springframework.test.annotation.SystemProfileValueSource] for class [com.parksil.book.springboot.web.HelloControllerTest]
09:22:34.307 [Test worker] DEBUG org.springframework.test.annotation.ProfileValueUtils - Retrieved @ProfileValueSourceConfiguration [null] for test class [com.parksil.book.springboot.web.HelloControllerTest]
09:22:34.307 [Test worker] DEBUG org.springframework.test.annotation.ProfileValueUtils - Retrieved ProfileValueSource type [class org.springframework.test.annotation.SystemProfileValueSource] for class [com.parksil.book.springboot.web.HelloControllerTest]
09:22:34.308 [Test worker] DEBUG org.springframework.test.annotation.ProfileValueUtils - Retrieved @ProfileValueSourceConfiguration [null] for test class [com.parksil.book.springboot.web.HelloControllerTest]
09:22:34.308 [Test worker] DEBUG org.springframework.test.annotation.ProfileValueUtils - Retrieved ProfileValueSource type [class org.springframework.test.annotation.SystemProfileValueSource] for class [com.parksil.book.springboot.web.HelloControllerTest]
09:22:34.315 [Test worker] DEBUG org.springframework.test.context.support.AbstractDirtiesContextTestExecutionListener - Before test class: context [DefaultTestContext@51540dd2 testClass = HelloControllerTest, testInstance = [null], testMethod = [null], testException = [null], mergedContextConfiguration = [WebMergedContextConfiguration@28060a05 testClass = HelloControllerTest, locations = '{}', classes = '{class com.parksil.book.springboot.Application}', contextInitializerClasses = '[]', activeProfiles = '{}', propertySourceLocations = '{}', propertySourceProperties = '{org.springframework.boot.test.autoconfigure.web.servlet.WebMvcTestContextBootstrapper=true}', contextCustomizers = set[org.springframework.boot.test.autoconfigure.OverrideAutoConfigurationContextCustomizerFactory$DisableAutoConfigurationContextCustomizer@340870ae, org.springframework.boot.test.autoconfigure.filter.TypeExcludeFiltersContextCustomizer@e938eb9c, org.springframework.boot.test.autoconfigure.properties.PropertyMappingContextCustomizer@9c26bedf, org.springframework.boot.test.autoconfigure.web.servlet.WebDriverContextCustomizerFactory$Customizer@5791d978, [ImportsContextCustomizer@2cf1d1a5 key = [org.springframework.boot.autoconfigure.cache.CacheAutoConfiguration, org.springframework.boot.autoconfigure.context.MessageSourceAutoConfiguration, org.springframework.boot.autoconfigure.data.web.SpringDataWebAutoConfiguration, org.springframework.boot.autoconfigure.freemarker.FreeMarkerAutoConfiguration, org.springframework.boot.autoconfigure.groovy.template.GroovyTemplateAutoConfiguration, org.springframework.boot.autoconfigure.gson.GsonAutoConfiguration, org.springframework.boot.autoconfigure.hateoas.HypermediaAutoConfiguration, org.springframework.boot.autoconfigure.http.HttpMessageConvertersAutoConfiguration, org.springframework.boot.autoconfigure.jackson.JacksonAutoConfiguration, org.springframework.boot.autoconfigure.jsonb.JsonbAutoConfiguration, org.springframework.boot.autoconfigure.mustache.MustacheAutoConfiguration, org.springframework.boot.autoconfigure.task.TaskExecutionAutoConfiguration, org.springframework.boot.autoconfigure.thymeleaf.ThymeleafAutoConfiguration, org.springframework.boot.autoconfigure.validation.ValidationAutoConfiguration, org.springframework.boot.autoconfigure.web.servlet.error.ErrorMvcAutoConfiguration, org.springframework.boot.autoconfigure.web.servlet.WebMvcAutoConfiguration, org.springframework.boot.test.autoconfigure.web.servlet.MockMvcAutoConfiguration, org.springframework.boot.test.autoconfigure.web.servlet.MockMvcSecurityAutoConfiguration, org.springframework.boot.test.autoconfigure.web.servlet.MockMvcWebClientAutoConfiguration, org.springframework.boot.test.autoconfigure.web.servlet.MockMvcWebDriverAutoConfiguration]], org.springframework.boot.test.context.filter.ExcludeFilterContextCustomizer@39a8e7f9, org.springframework.boot.test.json.DuplicateJsonObjectContextCustomizerFactory$DuplicateJsonObjectContextCustomizer@7497d423, org.springframework.boot.test.mock.mockito.MockitoContextCustomizer@0], resourceBasePath = 'src/main/webapp', contextLoader = 'org.springframework.boot.test.context.SpringBootContextLoader', parent = [null]], attributes = map[[empty]]], class annotated with @DirtiesContext [false] with mode [null].
09:22:34.317 [Test worker] DEBUG org.springframework.test.annotation.ProfileValueUtils - Retrieved @ProfileValueSourceConfiguration [null] for test class [com.parksil.book.springboot.web.HelloControllerTest]
09:22:34.317 [Test worker] DEBUG org.springframework.test.annotation.ProfileValueUtils - Retrieved ProfileValueSource type [class org.springframework.test.annotation.SystemProfileValueSource] for class [com.parksil.book.springboot.web.HelloControllerTest]
09:22:34.324 [Test worker] DEBUG org.springframework.test.context.support.DependencyInjectionTestExecutionListener - Performing dependency injection for test context [[DefaultTestContext@51540dd2 testClass = HelloControllerTest, testInstance = com.parksil.book.springboot.web.HelloControllerTest@d494a9, testMethod = [null], testException = [null], mergedContextConfiguration = [WebMergedContextConfiguration@28060a05 testClass = HelloControllerTest, locations = '{}', classes = '{class com.parksil.book.springboot.Application}', contextInitializerClasses = '[]', activeProfiles = '{}', propertySourceLocations = '{}', propertySourceProperties = '{org.springframework.boot.test.autoconfigure.web.servlet.WebMvcTestContextBootstrapper=true}', contextCustomizers = set[org.springframework.boot.test.autoconfigure.OverrideAutoConfigurationContextCustomizerFactory$DisableAutoConfigurationContextCustomizer@340870ae, org.springframework.boot.test.autoconfigure.filter.TypeExcludeFiltersContextCustomizer@e938eb9c, org.springframework.boot.test.autoconfigure.properties.PropertyMappingContextCustomizer@9c26bedf, org.springframework.boot.test.autoconfigure.web.servlet.WebDriverContextCustomizerFactory$Customizer@5791d978, [ImportsContextCustomizer@2cf1d1a5 key = [org.springframework.boot.autoconfigure.cache.CacheAutoConfiguration, org.springframework.boot.autoconfigure.context.MessageSourceAutoConfiguration, org.springframework.boot.autoconfigure.data.web.SpringDataWebAutoConfiguration, org.springframework.boot.autoconfigure.freemarker.FreeMarkerAutoConfiguration, org.springframework.boot.autoconfigure.groovy.template.GroovyTemplateAutoConfiguration, org.springframework.boot.autoconfigure.gson.GsonAutoConfiguration, org.springframework.boot.autoconfigure.hateoas.HypermediaAutoConfiguration, org.springframework.boot.autoconfigure.http.HttpMessageConvertersAutoConfiguration, org.springframework.boot.autoconfigure.jackson.JacksonAutoConfiguration, org.springframework.boot.autoconfigure.jsonb.JsonbAutoConfiguration, org.springframework.boot.autoconfigure.mustache.MustacheAutoConfiguration, org.springframework.boot.autoconfigure.task.TaskExecutionAutoConfiguration, org.springframework.boot.autoconfigure.thymeleaf.ThymeleafAutoConfiguration, org.springframework.boot.autoconfigure.validation.ValidationAutoConfiguration, org.springframework.boot.autoconfigure.web.servlet.error.ErrorMvcAutoConfiguration, org.springframework.boot.autoconfigure.web.servlet.WebMvcAutoConfiguration, org.springframework.boot.test.autoconfigure.web.servlet.MockMvcAutoConfiguration, org.springframework.boot.test.autoconfigure.web.servlet.MockMvcSecurityAutoConfiguration, org.springframework.boot.test.autoconfigure.web.servlet.MockMvcWebClientAutoConfiguration, org.springframework.boot.test.autoconfigure.web.servlet.MockMvcWebDriverAutoConfiguration]], org.springframework.boot.test.context.filter.ExcludeFilterContextCustomizer@39a8e7f9, org.springframework.boot.test.json.DuplicateJsonObjectContextCustomizerFactory$DuplicateJsonObjectContextCustomizer@7497d423, org.springframework.boot.test.mock.mockito.MockitoContextCustomizer@0], resourceBasePath = 'src/main/webapp', contextLoader = 'org.springframework.boot.test.context.SpringBootContextLoader', parent = [null]], attributes = map[[empty]]]].
09:22:34.480 [Test worker] DEBUG org.springframework.test.context.support.TestPropertySourceUtils - Adding inlined properties to environment: {spring.jmx.enabled=false, org.springframework.boot.test.autoconfigure.web.servlet.WebMvcTestContextBootstrapper=true, server.port=-1}

  .   ____          _            __ _ _
 /\\ / ___'_ __ _ _(_)_ __  __ _ \ \ \ \
( ( )\___ | '_ | '_| | '_ \/ _` | \ \ \ \
 \\/  ___)| |_)| | | | | || (_| |  ) ) ) )
  '  |____| .__|_| |_|_| |_\__, | / / / /
 =========|_|==============|___/=/_/_/_/
 :: Spring Boot ::        (v2.1.7.RELEASE)

2020-10-19 09:22:34.996  INFO 31752 --- [    Test worker] c.p.b.s.web.HelloControllerTest          : Starting HelloControllerTest on DESKTOP-J45GSJ7 with PID 31752 (started by pc in C:\SpringBootEx)
2020-10-19 09:22:34.997  INFO 31752 --- [    Test worker] c.p.b.s.web.HelloControllerTest          : The following profiles are active: oauth
2020-10-19 09:22:37.083  INFO 31752 --- [    Test worker] o.s.s.concurrent.ThreadPoolTaskExecutor  : Initializing ExecutorService 'applicationTaskExecutor'
2020-10-19 09:22:37.216  INFO 31752 --- [    Test worker] o.s.b.a.w.s.WelcomePageHandlerMapping    : Adding welcome page template: index
2020-10-19 09:22:37.716  INFO 31752 --- [    Test worker] .s.s.UserDetailsServiceAutoConfiguration : 

Using generated security password: 90df9a83-d207-432d-8ee4-ada6a70c0492

2020-10-19 09:22:38.031  INFO 31752 --- [    Test worker] o.s.s.web.DefaultSecurityFilterChain     : Creating filter chain: any request, [org.springframework.security.web.context.request.async.WebAsyncManagerIntegrationFilter@3a51580e, org.springframework.security.web.context.SecurityContextPersistenceFilter@387a1a, org.springframework.security.web.header.HeaderWriterFilter@7f836d5, org.springframework.security.web.csrf.CsrfFilter@6a6b932d, org.springframework.security.web.authentication.logout.LogoutFilter@8de4318, org.springframework.security.web.authentication.UsernamePasswordAuthenticationFilter@3a7d9ab4, org.springframework.security.web.authentication.ui.DefaultLoginPageGeneratingFilter@2ee059e1, org.springframework.security.web.authentication.ui.DefaultLogoutPageGeneratingFilter@372177, org.springframework.security.web.authentication.www.BasicAuthenticationFilter@5153e30d, org.springframework.security.web.savedrequest.RequestCacheAwareFilter@67cce004, org.springframework.security.web.servletapi.SecurityContextHolderAwareRequestFilter@27e6aeef, org.springframework.security.web.authentication.AnonymousAuthenticationFilter@46ef52d1, org.springframework.security.web.session.SessionManagementFilter@1a91ea1a, org.springframework.security.web.access.ExceptionTranslationFilter@1d7ed536, org.springframework.security.web.access.intercept.FilterSecurityInterceptor@2fbf0084]
2020-10-19 09:22:38.106  INFO 31752 --- [    Test worker] o.s.b.t.m.w.SpringBootMockServletContext : Initializing Spring TestDispatcherServlet ''
2020-10-19 09:22:38.106  INFO 31752 --- [    Test worker] o.s.t.web.servlet.TestDispatcherServlet  : Initializing Servlet ''
2020-10-19 09:22:38.123  INFO 31752 --- [    Test worker] o.s.t.web.servlet.TestDispatcherServlet  : Completed initialization in 17 ms
2020-10-19 09:22:38.207  INFO 31752 --- [    Test worker] c.p.b.s.web.HelloControllerTest          : Started HelloControllerTest in 3.716 seconds (JVM running for 5.29)
]]></system-out>
  <system-err><![CDATA[]]></system-err>
</testsuite>
