<?xml version="1.0" encoding="UTF-8"?>
<testsuite name="com.parksil.book.springboot.web.IndexControllerTest" tests="1" skipped="0" failures="0" errors="0" timestamp="2020-10-18T13:35:12" hostname="DESKTOP-J45GSJ7" time="0.477">
  <properties/>
  <testcase name="메인페이지_로딩" classname="com.parksil.book.springboot.web.IndexControllerTest" time="0.477"/>
  <system-out><![CDATA[2020-10-18 22:35:06.893  INFO 42584 --- [    Test worker] .b.t.c.SpringBootTestContextBootstrapper : Neither @ContextConfiguration nor @ContextHierarchy found for test class [com.parksil.book.springboot.web.IndexControllerTest], using SpringBootContextLoader
2020-10-18 22:35:06.898  INFO 42584 --- [    Test worker] o.s.t.c.support.AbstractContextLoader    : Could not detect default resource locations for test class [com.parksil.book.springboot.web.IndexControllerTest]: no resource found for suffixes {-context.xml, Context.groovy}.
2020-10-18 22:35:06.898  INFO 42584 --- [    Test worker] t.c.s.AnnotationConfigContextLoaderUtils : Could not detect default configuration classes for test class [com.parksil.book.springboot.web.IndexControllerTest]: IndexControllerTest does not declare any static, non-private, non-final, nested classes annotated with @Configuration.
2020-10-18 22:35:06.901  INFO 42584 --- [    Test worker] .b.t.c.SpringBootTestContextBootstrapper : Found @SpringBootConfiguration com.parksil.book.springboot.Application for test class com.parksil.book.springboot.web.IndexControllerTest
2020-10-18 22:35:06.903  INFO 42584 --- [    Test worker] .b.t.c.SpringBootTestContextBootstrapper : Loaded default TestExecutionListener class names from location [META-INF/spring.factories]: [org.springframework.boot.test.autoconfigure.restdocs.RestDocsTestExecutionListener, org.springframework.boot.test.autoconfigure.web.client.MockRestServiceServerResetTestExecutionListener, org.springframework.boot.test.autoconfigure.web.servlet.MockMvcPrintOnlyOnFailureTestExecutionListener, org.springframework.boot.test.autoconfigure.web.servlet.WebDriverTestExecutionListener, org.springframework.boot.test.mock.mockito.MockitoTestExecutionListener, org.springframework.boot.test.mock.mockito.ResetMocksTestExecutionListener, org.springframework.test.context.web.ServletTestExecutionListener, org.springframework.test.context.support.DirtiesContextBeforeModesTestExecutionListener, org.springframework.test.context.support.DependencyInjectionTestExecutionListener, org.springframework.test.context.support.DirtiesContextTestExecutionListener, org.springframework.test.context.transaction.TransactionalTestExecutionListener, org.springframework.test.context.jdbc.SqlScriptsTestExecutionListener]
2020-10-18 22:35:06.903  INFO 42584 --- [    Test worker] .b.t.c.SpringBootTestContextBootstrapper : Using TestExecutionListeners: [org.springframework.test.context.web.ServletTestExecutionListener@2506472c, org.springframework.test.context.support.DirtiesContextBeforeModesTestExecutionListener@6ec0232d, org.springframework.boot.test.mock.mockito.MockitoTestExecutionListener@16d243a9, org.springframework.boot.test.autoconfigure.SpringBootDependencyInjectionTestExecutionListener@51fd72e9, org.springframework.test.context.support.DirtiesContextTestExecutionListener@465560dd, org.springframework.test.context.transaction.TransactionalTestExecutionListener@29e3ea71, org.springframework.test.context.jdbc.SqlScriptsTestExecutionListener@2d283bef, org.springframework.boot.test.autoconfigure.restdocs.RestDocsTestExecutionListener@17f87e99, org.springframework.boot.test.autoconfigure.web.client.MockRestServiceServerResetTestExecutionListener@7ac6a733, org.springframework.boot.test.autoconfigure.web.servlet.MockMvcPrintOnlyOnFailureTestExecutionListener@4cc07a78, org.springframework.boot.test.autoconfigure.web.servlet.WebDriverTestExecutionListener@20dbd74c, org.springframework.boot.test.mock.mockito.ResetMocksTestExecutionListener@74036978]

  .   ____          _            __ _ _
 /\\ / ___'_ __ _ _(_)_ __  __ _ \ \ \ \
( ( )\___ | '_ | '_| | '_ \/ _` | \ \ \ \
 \\/  ___)| |_)| | | | | || (_| |  ) ) ) )
  '  |____| .__|_| |_|_| |_\__, | / / / /
 =========|_|==============|___/=/_/_/_/
 :: Spring Boot ::        (v2.1.7.RELEASE)

2020-10-18 22:35:07.081  INFO 42584 --- [    Test worker] c.p.b.s.web.IndexControllerTest          : Starting IndexControllerTest on DESKTOP-J45GSJ7 with PID 42584 (started by pc in C:\SpringBootEx)
2020-10-18 22:35:07.081  INFO 42584 --- [    Test worker] c.p.b.s.web.IndexControllerTest          : The following profiles are active: oauth
2020-10-18 22:35:07.813  INFO 42584 --- [    Test worker] .s.d.r.c.RepositoryConfigurationDelegate : Bootstrapping Spring Data repositories in DEFAULT mode.
2020-10-18 22:35:07.854  INFO 42584 --- [    Test worker] .s.d.r.c.RepositoryConfigurationDelegate : Finished Spring Data repository scanning in 40ms. Found 2 repository interfaces.
2020-10-18 22:35:08.090  INFO 42584 --- [    Test worker] trationDelegate$BeanPostProcessorChecker : Bean 'org.springframework.transaction.annotation.ProxyTransactionManagementConfiguration' of type [org.springframework.transaction.annotation.ProxyTransactionManagementConfiguration$$EnhancerBySpringCGLIB$$8bee4115] is not eligible for getting processed by all BeanPostProcessors (for example: not eligible for auto-proxying)
2020-10-18 22:35:08.440  INFO 42584 --- [    Test worker] o.s.b.w.embedded.tomcat.TomcatWebServer  : Tomcat initialized with port(s): 0 (http)
2020-10-18 22:35:08.482  INFO 42584 --- [    Test worker] o.apache.catalina.core.StandardService   : Starting service [Tomcat]
2020-10-18 22:35:08.482  INFO 42584 --- [    Test worker] org.apache.catalina.core.StandardEngine  : Starting Servlet engine: [Apache Tomcat/9.0.22]
2020-10-18 22:35:08.985  INFO 42584 --- [    Test worker] o.a.c.c.C.[Tomcat].[localhost].[/]       : Initializing Spring embedded WebApplicationContext
2020-10-18 22:35:08.986  INFO 42584 --- [    Test worker] o.s.web.context.ContextLoader            : Root WebApplicationContext: initialization completed in 1898 ms
2020-10-18 22:35:09.404  INFO 42584 --- [    Test worker] com.zaxxer.hikari.HikariDataSource       : HikariPool-2 - Starting...
2020-10-18 22:35:09.405  INFO 42584 --- [    Test worker] com.zaxxer.hikari.HikariDataSource       : HikariPool-2 - Start completed.
2020-10-18 22:35:09.472  INFO 42584 --- [    Test worker] o.hibernate.jpa.internal.util.LogHelper  : HHH000204: Processing PersistenceUnitInfo [
	name: default
	...]
2020-10-18 22:35:09.489  INFO 42584 --- [    Test worker] org.hibernate.dialect.Dialect            : HHH000400: Using dialect: org.hibernate.dialect.MySQL5InnoDBDialect
Hibernate: drop table if exists posts
Hibernate: drop table if exists user
Hibernate: create table posts (id bigint not null auto_increment, created_date datetime, modified_date datetime, author varchar(255), content TEXT not null, title varchar(500) not null, primary key (id)) engine=InnoDB
Hibernate: create table user (id bigint not null auto_increment, created_date datetime, modified_date datetime, email varchar(255) not null, name varchar(255) not null, picture varchar(255), role varchar(255) not null, primary key (id)) engine=InnoDB
2020-10-18 22:35:09.574  INFO 42584 --- [    Test worker] o.h.t.schema.internal.SchemaCreatorImpl  : HHH000476: Executing import script 'org.hibernate.tool.schema.internal.exec.ScriptSourceInputNonExistentImpl@5959e59b'
2020-10-18 22:35:09.574  INFO 42584 --- [    Test worker] j.LocalContainerEntityManagerFactoryBean : Initialized JPA EntityManagerFactory for persistence unit 'default'
2020-10-18 22:35:10.343  INFO 42584 --- [    Test worker] o.h.h.i.QueryTranslatorFactoryInitiator  : HHH000397: Using ASTQueryTranslatorFactory
2020-10-18 22:35:10.792  INFO 42584 --- [    Test worker] o.s.s.web.DefaultSecurityFilterChain     : Creating filter chain: any request, [org.springframework.security.web.context.request.async.WebAsyncManagerIntegrationFilter@1684594, org.springframework.security.web.context.SecurityContextPersistenceFilter@1ee863ff, org.springframework.security.web.header.HeaderWriterFilter@52b9853b, org.springframework.security.web.authentication.logout.LogoutFilter@4f29fd91, org.springframework.security.oauth2.client.web.OAuth2AuthorizationRequestRedirectFilter@11300ee7, org.springframework.security.oauth2.client.web.OAuth2LoginAuthenticationFilter@6ab97e99, org.springframework.security.web.authentication.ui.DefaultLoginPageGeneratingFilter@120383b5, org.springframework.security.web.authentication.ui.DefaultLogoutPageGeneratingFilter@2062c2cf, org.springframework.security.web.savedrequest.RequestCacheAwareFilter@1fb3544d, org.springframework.security.web.servletapi.SecurityContextHolderAwareRequestFilter@13d8add, org.springframework.security.web.authentication.AnonymousAuthenticationFilter@31b4a712, org.springframework.security.web.session.SessionManagementFilter@644eec7b, org.springframework.security.web.access.ExceptionTranslationFilter@56eaf611, org.springframework.security.web.access.intercept.FilterSecurityInterceptor@4e4decca]
2020-10-18 22:35:11.373  INFO 42584 --- [    Test worker] o.s.s.concurrent.ThreadPoolTaskExecutor  : Initializing ExecutorService 'applicationTaskExecutor'
2020-10-18 22:35:11.426  WARN 42584 --- [    Test worker] aWebConfiguration$JpaWebMvcConfiguration : spring.jpa.open-in-view is enabled by default. Therefore, database queries may be performed during view rendering. Explicitly configure spring.jpa.open-in-view to disable this warning
2020-10-18 22:35:11.478  INFO 42584 --- [    Test worker] o.s.b.a.w.s.WelcomePageHandlerMapping    : Adding welcome page template: index
2020-10-18 22:35:11.971  INFO 42584 --- [    Test worker] s.a.ScheduledAnnotationBeanPostProcessor : No TaskScheduler/ScheduledExecutorService bean found for scheduled processing
2020-10-18 22:35:12.001  INFO 42584 --- [    Test worker] o.s.b.w.embedded.tomcat.TomcatWebServer  : Tomcat started on port(s): 14216 (http) with context path ''
2020-10-18 22:35:12.003  INFO 42584 --- [    Test worker] c.p.b.s.web.IndexControllerTest          : Started IndexControllerTest in 5.097 seconds (JVM running for 21.372)
2020-10-18 22:35:12.217  INFO 42584 --- [o-auto-1-exec-1] o.a.c.c.C.[Tomcat].[localhost].[/]       : Initializing Spring DispatcherServlet 'dispatcherServlet'
2020-10-18 22:35:12.217  INFO 42584 --- [o-auto-1-exec-1] o.s.web.servlet.DispatcherServlet        : Initializing Servlet 'dispatcherServlet'
2020-10-18 22:35:12.262  INFO 42584 --- [o-auto-1-exec-1] o.s.web.servlet.DispatcherServlet        : Completed initialization in 43 ms
Hibernate: select posts0_.id as id1_0_, posts0_.created_date as created_2_0_, posts0_.modified_date as modified3_0_, posts0_.author as author4_0_, posts0_.content as content5_0_, posts0_.title as title6_0_ from posts posts0_ order by posts0_.id DESC
]]></system-out>
  <system-err><![CDATA[]]></system-err>
</testsuite>
