<?xml version="1.0" encoding="UTF-8"?>
<testsuite name="com.parksil.book.springboot.web.ProfileControllerTest" tests="1" skipped="0" failures="0" errors="0" timestamp="2020-10-28T14:15:58" hostname="DESKTOP-J45GSJ7" time="0.555">
  <properties/>
  <testcase name="profile은_인증없이_호출된다" classname="com.parksil.book.springboot.web.ProfileControllerTest" time="0.555"/>
  <system-out><![CDATA[23:15:46.495 [Test worker] DEBUG org.springframework.test.context.junit4.SpringJUnit4ClassRunner - SpringJUnit4ClassRunner constructor called with [class com.parksil.book.springboot.web.ProfileControllerTest]
23:15:46.511 [Test worker] DEBUG org.springframework.test.context.BootstrapUtils - Instantiating CacheAwareContextLoaderDelegate from class [org.springframework.test.context.cache.DefaultCacheAwareContextLoaderDelegate]
23:15:46.524 [Test worker] DEBUG org.springframework.test.context.BootstrapUtils - Instantiating BootstrapContext using constructor [public org.springframework.test.context.support.DefaultBootstrapContext(java.lang.Class,org.springframework.test.context.CacheAwareContextLoaderDelegate)]
23:15:46.549 [Test worker] DEBUG org.springframework.test.context.BootstrapUtils - Instantiating TestContextBootstrapper for test class [com.parksil.book.springboot.web.ProfileControllerTest] from class [org.springframework.boot.test.context.SpringBootTestContextBootstrapper]
23:15:46.571 [Test worker] INFO org.springframework.boot.test.context.SpringBootTestContextBootstrapper - Neither @ContextConfiguration nor @ContextHierarchy found for test class [com.parksil.book.springboot.web.ProfileControllerTest], using SpringBootContextLoader
23:15:46.576 [Test worker] DEBUG org.springframework.test.context.support.AbstractContextLoader - Did not detect default resource location for test class [com.parksil.book.springboot.web.ProfileControllerTest]: class path resource [com/parksil/book/springboot/web/ProfileControllerTest-context.xml] does not exist
23:15:46.577 [Test worker] DEBUG org.springframework.test.context.support.AbstractContextLoader - Did not detect default resource location for test class [com.parksil.book.springboot.web.ProfileControllerTest]: class path resource [com/parksil/book/springboot/web/ProfileControllerTestContext.groovy] does not exist
23:15:46.577 [Test worker] INFO org.springframework.test.context.support.AbstractContextLoader - Could not detect default resource locations for test class [com.parksil.book.springboot.web.ProfileControllerTest]: no resource found for suffixes {-context.xml, Context.groovy}.
23:15:46.578 [Test worker] INFO org.springframework.test.context.support.AnnotationConfigContextLoaderUtils - Could not detect default configuration classes for test class [com.parksil.book.springboot.web.ProfileControllerTest]: ProfileControllerTest does not declare any static, non-private, non-final, nested classes annotated with @Configuration.
23:15:46.644 [Test worker] DEBUG org.springframework.test.context.support.ActiveProfilesUtils - Could not find an 'annotation declaring class' for annotation type [org.springframework.test.context.ActiveProfiles] and class [com.parksil.book.springboot.web.ProfileControllerTest]
23:15:46.834 [Test worker] DEBUG org.springframework.context.annotation.ClassPathScanningCandidateComponentProvider - Identified candidate component class: file [C:\SpringBootEx\build\classes\java\main\com\parksil\book\springboot\Application.class]
23:15:46.836 [Test worker] INFO org.springframework.boot.test.context.SpringBootTestContextBootstrapper - Found @SpringBootConfiguration com.parksil.book.springboot.Application for test class com.parksil.book.springboot.web.ProfileControllerTest
23:15:47.011 [Test worker] DEBUG org.springframework.boot.test.context.SpringBootTestContextBootstrapper - @TestExecutionListeners is not present for class [com.parksil.book.springboot.web.ProfileControllerTest]: using defaults.
23:15:47.013 [Test worker] INFO org.springframework.boot.test.context.SpringBootTestContextBootstrapper - Loaded default TestExecutionListener class names from location [META-INF/spring.factories]: [org.springframework.security.test.context.support.WithSecurityContextTestExecutionListener, org.springframework.security.test.context.support.ReactorContextTestExecutionListener, org.springframework.boot.test.autoconfigure.restdocs.RestDocsTestExecutionListener, org.springframework.boot.test.autoconfigure.web.client.MockRestServiceServerResetTestExecutionListener, org.springframework.boot.test.autoconfigure.web.servlet.MockMvcPrintOnlyOnFailureTestExecutionListener, org.springframework.boot.test.autoconfigure.web.servlet.WebDriverTestExecutionListener, org.springframework.boot.test.mock.mockito.MockitoTestExecutionListener, org.springframework.boot.test.mock.mockito.ResetMocksTestExecutionListener, org.springframework.test.context.web.ServletTestExecutionListener, org.springframework.test.context.support.DirtiesContextBeforeModesTestExecutionListener, org.springframework.test.context.support.DependencyInjectionTestExecutionListener, org.springframework.test.context.support.DirtiesContextTestExecutionListener, org.springframework.test.context.transaction.TransactionalTestExecutionListener, org.springframework.test.context.jdbc.SqlScriptsTestExecutionListener]
23:15:47.065 [Test worker] INFO org.springframework.boot.test.context.SpringBootTestContextBootstrapper - Using TestExecutionListeners: [org.springframework.test.context.web.ServletTestExecutionListener@3802e463, org.springframework.test.context.support.DirtiesContextBeforeModesTestExecutionListener@399457da, org.springframework.boot.test.mock.mockito.MockitoTestExecutionListener@53bef056, org.springframework.boot.test.autoconfigure.SpringBootDependencyInjectionTestExecutionListener@5037b223, org.springframework.test.context.support.DirtiesContextTestExecutionListener@7f3965ba, org.springframework.test.context.transaction.TransactionalTestExecutionListener@6488c700, org.springframework.test.context.jdbc.SqlScriptsTestExecutionListener@4010a787, org.springframework.security.test.context.support.WithSecurityContextTestExecutionListener@2d5ba30c, org.springframework.security.test.context.support.ReactorContextTestExecutionListener@19fb17a8, org.springframework.boot.test.autoconfigure.restdocs.RestDocsTestExecutionListener@3be96350, org.springframework.boot.test.autoconfigure.web.client.MockRestServiceServerResetTestExecutionListener@7e00c735, org.springframework.boot.test.autoconfigure.web.servlet.MockMvcPrintOnlyOnFailureTestExecutionListener@e33483a, org.springframework.boot.test.autoconfigure.web.servlet.WebDriverTestExecutionListener@4fb45803, org.springframework.boot.test.mock.mockito.ResetMocksTestExecutionListener@3fb75146]
23:15:47.069 [Test worker] DEBUG org.springframework.test.annotation.ProfileValueUtils - Retrieved @ProfileValueSourceConfiguration [null] for test class [com.parksil.book.springboot.web.ProfileControllerTest]
23:15:47.070 [Test worker] DEBUG org.springframework.test.annotation.ProfileValueUtils - Retrieved ProfileValueSource type [class org.springframework.test.annotation.SystemProfileValueSource] for class [com.parksil.book.springboot.web.ProfileControllerTest]
23:15:47.074 [Test worker] DEBUG org.springframework.test.annotation.ProfileValueUtils - Retrieved @ProfileValueSourceConfiguration [null] for test class [com.parksil.book.springboot.web.ProfileControllerTest]
23:15:47.074 [Test worker] DEBUG org.springframework.test.annotation.ProfileValueUtils - Retrieved ProfileValueSource type [class org.springframework.test.annotation.SystemProfileValueSource] for class [com.parksil.book.springboot.web.ProfileControllerTest]
23:15:47.075 [Test worker] DEBUG org.springframework.test.annotation.ProfileValueUtils - Retrieved @ProfileValueSourceConfiguration [null] for test class [com.parksil.book.springboot.web.ProfileControllerTest]
23:15:47.075 [Test worker] DEBUG org.springframework.test.annotation.ProfileValueUtils - Retrieved ProfileValueSource type [class org.springframework.test.annotation.SystemProfileValueSource] for class [com.parksil.book.springboot.web.ProfileControllerTest]
23:15:47.080 [Test worker] DEBUG org.springframework.test.context.support.AbstractDirtiesContextTestExecutionListener - Before test class: context [DefaultTestContext@436ba52a testClass = ProfileControllerTest, testInstance = [null], testMethod = [null], testException = [null], mergedContextConfiguration = [WebMergedContextConfiguration@5e56d408 testClass = ProfileControllerTest, locations = '{}', classes = '{class com.parksil.book.springboot.Application}', contextInitializerClasses = '[]', activeProfiles = '{}', propertySourceLocations = '{}', propertySourceProperties = '{org.springframework.boot.test.context.SpringBootTestContextBootstrapper=true, server.port=0}', contextCustomizers = set[org.springframework.boot.test.autoconfigure.properties.PropertyMappingContextCustomizer@0, org.springframework.boot.test.autoconfigure.web.servlet.WebDriverContextCustomizerFactory$Customizer@1c87391, org.springframework.boot.test.context.filter.ExcludeFilterContextCustomizer@6924b893, org.springframework.boot.test.json.DuplicateJsonObjectContextCustomizerFactory$DuplicateJsonObjectContextCustomizer@5817b19e, org.springframework.boot.test.mock.mockito.MockitoContextCustomizer@0, org.springframework.boot.test.web.client.TestRestTemplateContextCustomizer@3e9aef32], resourceBasePath = 'src/main/webapp', contextLoader = 'org.springframework.boot.test.context.SpringBootContextLoader', parent = [null]], attributes = map['org.springframework.test.context.web.ServletTestExecutionListener.activateListener' -> false]], class annotated with @DirtiesContext [false] with mode [null].
23:15:47.081 [Test worker] DEBUG org.springframework.test.annotation.ProfileValueUtils - Retrieved @ProfileValueSourceConfiguration [null] for test class [com.parksil.book.springboot.web.ProfileControllerTest]
23:15:47.082 [Test worker] DEBUG org.springframework.test.annotation.ProfileValueUtils - Retrieved ProfileValueSource type [class org.springframework.test.annotation.SystemProfileValueSource] for class [com.parksil.book.springboot.web.ProfileControllerTest]
23:15:47.088 [Test worker] DEBUG org.springframework.test.context.support.DependencyInjectionTestExecutionListener - Performing dependency injection for test context [[DefaultTestContext@436ba52a testClass = ProfileControllerTest, testInstance = com.parksil.book.springboot.web.ProfileControllerTest@5d388a7a, testMethod = [null], testException = [null], mergedContextConfiguration = [WebMergedContextConfiguration@5e56d408 testClass = ProfileControllerTest, locations = '{}', classes = '{class com.parksil.book.springboot.Application}', contextInitializerClasses = '[]', activeProfiles = '{}', propertySourceLocations = '{}', propertySourceProperties = '{org.springframework.boot.test.context.SpringBootTestContextBootstrapper=true, server.port=0}', contextCustomizers = set[org.springframework.boot.test.autoconfigure.properties.PropertyMappingContextCustomizer@0, org.springframework.boot.test.autoconfigure.web.servlet.WebDriverContextCustomizerFactory$Customizer@1c87391, org.springframework.boot.test.context.filter.ExcludeFilterContextCustomizer@6924b893, org.springframework.boot.test.json.DuplicateJsonObjectContextCustomizerFactory$DuplicateJsonObjectContextCustomizer@5817b19e, org.springframework.boot.test.mock.mockito.MockitoContextCustomizer@0, org.springframework.boot.test.web.client.TestRestTemplateContextCustomizer@3e9aef32], resourceBasePath = 'src/main/webapp', contextLoader = 'org.springframework.boot.test.context.SpringBootContextLoader', parent = [null]], attributes = map['org.springframework.test.context.web.ServletTestExecutionListener.activateListener' -> false]]].
23:15:47.119 [Test worker] DEBUG org.springframework.test.context.support.TestPropertySourceUtils - Adding inlined properties to environment: {spring.jmx.enabled=false, org.springframework.boot.test.context.SpringBootTestContextBootstrapper=true, server.port=0}

  .   ____          _            __ _ _
 /\\ / ___'_ __ _ _(_)_ __  __ _ \ \ \ \
( ( )\___ | '_ | '_| | '_ \/ _` | \ \ \ \
 \\/  ___)| |_)| | | | | || (_| |  ) ) ) )
  '  |____| .__|_| |_|_| |_\__, | / / / /
 =========|_|==============|___/=/_/_/_/
 :: Spring Boot ::        (v2.1.7.RELEASE)

2020-10-28 23:15:47.593  INFO 15192 --- [    Test worker] c.p.b.s.web.ProfileControllerTest        : Starting ProfileControllerTest on DESKTOP-J45GSJ7 with PID 15192 (started by pc in C:\SpringBootEx)
2020-10-28 23:15:47.595  INFO 15192 --- [    Test worker] c.p.b.s.web.ProfileControllerTest        : No active profile set, falling back to default profiles: default
2020-10-28 23:15:49.229  INFO 15192 --- [    Test worker] .s.d.r.c.RepositoryConfigurationDelegate : Bootstrapping Spring Data repositories in DEFAULT mode.
2020-10-28 23:15:49.373  INFO 15192 --- [    Test worker] .s.d.r.c.RepositoryConfigurationDelegate : Finished Spring Data repository scanning in 129ms. Found 2 repository interfaces.
2020-10-28 23:15:50.176  INFO 15192 --- [    Test worker] trationDelegate$BeanPostProcessorChecker : Bean 'org.springframework.transaction.annotation.ProxyTransactionManagementConfiguration' of type [org.springframework.transaction.annotation.ProxyTransactionManagementConfiguration$$EnhancerBySpringCGLIB$$ec624a47] is not eligible for getting processed by all BeanPostProcessors (for example: not eligible for auto-proxying)
2020-10-28 23:15:50.955  INFO 15192 --- [    Test worker] o.s.b.w.embedded.tomcat.TomcatWebServer  : Tomcat initialized with port(s): 0 (http)
2020-10-28 23:15:51.010  INFO 15192 --- [    Test worker] o.apache.catalina.core.StandardService   : Starting service [Tomcat]
2020-10-28 23:15:51.011  INFO 15192 --- [    Test worker] org.apache.catalina.core.StandardEngine  : Starting Servlet engine: [Apache Tomcat/9.0.22]
2020-10-28 23:15:51.255  INFO 15192 --- [    Test worker] o.a.c.c.C.[Tomcat].[localhost].[/]       : Initializing Spring embedded WebApplicationContext
2020-10-28 23:15:51.256  INFO 15192 --- [    Test worker] o.s.web.context.ContextLoader            : Root WebApplicationContext: initialization completed in 3616 ms
2020-10-28 23:15:51.761  INFO 15192 --- [    Test worker] com.zaxxer.hikari.HikariDataSource       : HikariPool-1 - Starting...
2020-10-28 23:15:51.997  INFO 15192 --- [    Test worker] com.zaxxer.hikari.HikariDataSource       : HikariPool-1 - Start completed.
2020-10-28 23:15:52.384  INFO 15192 --- [    Test worker] o.hibernate.jpa.internal.util.LogHelper  : HHH000204: Processing PersistenceUnitInfo [
	name: default
	...]
2020-10-28 23:15:52.535  INFO 15192 --- [    Test worker] org.hibernate.Version                    : HHH000412: Hibernate Core {5.3.10.Final}
2020-10-28 23:15:52.539  INFO 15192 --- [    Test worker] org.hibernate.cfg.Environment            : HHH000206: hibernate.properties not found
2020-10-28 23:15:52.865  INFO 15192 --- [    Test worker] o.hibernate.annotations.common.Version   : HCANN000001: Hibernate Commons Annotations {5.0.4.Final}
2020-10-28 23:15:53.254  INFO 15192 --- [    Test worker] org.hibernate.dialect.Dialect            : HHH000400: Using dialect: org.hibernate.dialect.MySQL5InnoDBDialect
Hibernate: drop table if exists posts
Hibernate: drop table if exists user
Hibernate: create table posts (id bigint not null auto_increment, created_date datetime, modified_date datetime, author varchar(255), content TEXT not null, title varchar(500) not null, primary key (id)) engine=InnoDB
Hibernate: create table user (id bigint not null auto_increment, created_date datetime, modified_date datetime, email varchar(255) not null, name varchar(255) not null, picture varchar(255), role varchar(255) not null, primary key (id)) engine=InnoDB
2020-10-28 23:15:54.593  INFO 15192 --- [    Test worker] o.h.t.schema.internal.SchemaCreatorImpl  : HHH000476: Executing import script 'org.hibernate.tool.schema.internal.exec.ScriptSourceInputNonExistentImpl@212f9311'
2020-10-28 23:15:54.599  INFO 15192 --- [    Test worker] j.LocalContainerEntityManagerFactoryBean : Initialized JPA EntityManagerFactory for persistence unit 'default'
2020-10-28 23:15:56.297  INFO 15192 --- [    Test worker] o.h.h.i.QueryTranslatorFactoryInitiator  : HHH000397: Using ASTQueryTranslatorFactory
2020-10-28 23:15:57.380  INFO 15192 --- [    Test worker] o.s.s.web.DefaultSecurityFilterChain     : Creating filter chain: any request, [org.springframework.security.web.context.request.async.WebAsyncManagerIntegrationFilter@709d5c2e, org.springframework.security.web.context.SecurityContextPersistenceFilter@7ad3db8, org.springframework.security.web.header.HeaderWriterFilter@7dc6dc2b, org.springframework.security.web.authentication.logout.LogoutFilter@789a4b80, org.springframework.security.oauth2.client.web.OAuth2AuthorizationRequestRedirectFilter@4b420a5e, org.springframework.security.oauth2.client.web.OAuth2LoginAuthenticationFilter@72f61c78, org.springframework.security.web.authentication.ui.DefaultLoginPageGeneratingFilter@6d25d8b4, org.springframework.security.web.authentication.ui.DefaultLogoutPageGeneratingFilter@2e41e7a7, org.springframework.security.web.savedrequest.RequestCacheAwareFilter@488eb7e1, org.springframework.security.web.servletapi.SecurityContextHolderAwareRequestFilter@7de4f439, org.springframework.security.web.authentication.AnonymousAuthenticationFilter@328e69b6, org.springframework.security.web.session.SessionManagementFilter@7350dbec, org.springframework.security.web.access.ExceptionTranslationFilter@20b67562, org.springframework.security.web.access.intercept.FilterSecurityInterceptor@79f20af3]
2020-10-28 23:15:58.060  INFO 15192 --- [    Test worker] o.s.s.concurrent.ThreadPoolTaskExecutor  : Initializing ExecutorService 'applicationTaskExecutor'
2020-10-28 23:15:58.153  WARN 15192 --- [    Test worker] aWebConfiguration$JpaWebMvcConfiguration : spring.jpa.open-in-view is enabled by default. Therefore, database queries may be performed during view rendering. Explicitly configure spring.jpa.open-in-view to disable this warning
2020-10-28 23:15:58.241  INFO 15192 --- [    Test worker] o.s.b.a.w.s.WelcomePageHandlerMapping    : Adding welcome page template: index
2020-10-28 23:15:58.935  INFO 15192 --- [    Test worker] s.a.ScheduledAnnotationBeanPostProcessor : No TaskScheduler/ScheduledExecutorService bean found for scheduled processing
2020-10-28 23:15:58.979  INFO 15192 --- [    Test worker] o.s.b.w.embedded.tomcat.TomcatWebServer  : Tomcat started on port(s): 9211 (http) with context path ''
2020-10-28 23:15:58.983  INFO 15192 --- [    Test worker] c.p.b.s.web.ProfileControllerTest        : Started ProfileControllerTest in 11.861 seconds (JVM running for 14.035)
2020-10-28 23:15:59.257  INFO 15192 --- [o-auto-1-exec-1] o.a.c.c.C.[Tomcat].[localhost].[/]       : Initializing Spring DispatcherServlet 'dispatcherServlet'
2020-10-28 23:15:59.257  INFO 15192 --- [o-auto-1-exec-1] o.s.web.servlet.DispatcherServlet        : Initializing Servlet 'dispatcherServlet'
2020-10-28 23:15:59.306  INFO 15192 --- [o-auto-1-exec-1] o.s.web.servlet.DispatcherServlet        : Completed initialization in 48 ms
]]></system-out>
  <system-err><![CDATA[]]></system-err>
</testsuite>
